<?xml version="1.0" encoding="UTF-8"?>
<testsuite xmlns:xsi="http://www.w3.org/2001/XMLSchema-instance" xsi:noNamespaceSchemaLocation="https://maven.apache.org/surefire/maven-surefire-plugin/xsd/surefire-test-report-3.0.xsd" version="3.0" name="com.searchlib.InterpolationSearchTest" time="0.021" tests="10" errors="0" skipped="0" failures="0">
  <properties>
[...]
</properties>
  <testcase name="testKeyFoundImmediately" classname="com.searchlib.InterpolationSearchTest" time="0.003"/>
  <testcase name="testKeyBelowRange" classname="com.searchlib.InterpolationSearchTest" time="0.0"/>
  <testcase name="testKeyInRangeButAbsent" classname="com.searchlib.InterpolationSearchTest" time="0.001"/>
  <testcase name="testKeyInLowerHalf" classname="com.searchlib.InterpolationSearchTest" time="0.0"/>
  <testcase name="testKeyInUpperHalf" classname="com.searchlib.InterpolationSearchTest" time="0.0"/>
  <testcase name="testLargeUniformArray" classname="com.searchlib.InterpolationSearchTest" time="0.002"/>
  <testcase name="testKeyAtFirstIndex" classname="com.searchlib.InterpolationSearchTest" time="0.0"/>
  <testcase name="testKeyAtLastIndex" classname="com.searchlib.InterpolationSearchTest" time="0.001"/>
  <testcase name="testSingleElementFound" classname="com.searchlib.InterpolationSearchTest" time="0.002"/>
  <testcase name="testKeyAboveRange" classname="com.searchlib.InterpolationSearchTest" time="0.001"/>
</testsuite>